<?xml version="1.0" encoding="UTF-8"?>
<testsuite name="Cucumber" time="0.21" tests="2" skipped="0" failures="2" errors="0">
<testcase classname="User login and sign-up functionality" name="User logs in with valid credentials" time="0.019">
<failure/>
<system-out><![CDATA[
Given the user is on the login page.........................................undefined
When the user enters valid credentials......................................skipped
Then the user should be redirected to the homepage..........................skipped
]]></system-out>
</testcase>
<testcase classname="User login and sign-up functionality" name="User signs up with valid details" time="0.002">
<failure/>
<system-out><![CDATA[
Given the user is on the sign-up page.......................................undefined
When the user enters valid information for sign-up..........................skipped
Then the user should see a success message..................................skipped
]]></system-out>
</testcase>
</testsuite>
